[2024-10-01T13:02:33.051+0000] {local_task_job_runner.py:120} INFO - ::group::Pre task execution logs
[2024-10-01T13:02:33.071+0000] {taskinstance.py:2076} INFO - Dependencies all met for dep_context=non-requeueable deps ti=<TaskInstance: Taxi_trip_pipeline.extraction_layer.extract_green_date manual__2024-10-01T12:57:39.199873+00:00 [queued]>
[2024-10-01T13:02:33.081+0000] {taskinstance.py:2076} INFO - Dependencies all met for dep_context=requeueable deps ti=<TaskInstance: Taxi_trip_pipeline.extraction_layer.extract_green_date manual__2024-10-01T12:57:39.199873+00:00 [queued]>
[2024-10-01T13:02:33.081+0000] {taskinstance.py:2306} INFO - Starting attempt 2 of 2
[2024-10-01T13:02:33.093+0000] {taskinstance.py:2330} INFO - Executing <Task(PythonOperator): extraction_layer.extract_green_date> on 2024-10-01 12:57:39.199873+00:00
[2024-10-01T13:02:33.101+0000] {standard_task_runner.py:63} INFO - Started process 1472 to run task
[2024-10-01T13:02:33.103+0000] {standard_task_runner.py:90} INFO - Running: ['***', 'tasks', 'run', 'Taxi_trip_pipeline', 'extraction_layer.extract_green_date', 'manual__2024-10-01T12:57:39.199873+00:00', '--job-id', '241', '--raw', '--subdir', 'DAGS_FOLDER/taxi_trip.py', '--cfg-path', '/tmp/tmp7xn3ibp1']
[2024-10-01T13:02:33.105+0000] {standard_task_runner.py:91} INFO - Job 241: Subtask extraction_layer.extract_green_date
[2024-10-01T13:02:33.151+0000] {task_command.py:426} INFO - Running <TaskInstance: Taxi_trip_pipeline.extraction_layer.extract_green_date manual__2024-10-01T12:57:39.199873+00:00 [running]> on host fcb0f9e87e2b
[2024-10-01T13:02:33.231+0000] {taskinstance.py:2648} INFO - Exporting env vars: AIRFLOW_CTX_DAG_OWNER='Mahmoud' AIRFLOW_CTX_DAG_ID='Taxi_trip_pipeline' AIRFLOW_CTX_TASK_ID='extraction_layer.extract_green_date' AIRFLOW_CTX_EXECUTION_DATE='2024-10-01T12:57:39.199873+00:00' AIRFLOW_CTX_TRY_NUMBER='2' AIRFLOW_CTX_DAG_RUN_ID='manual__2024-10-01T12:57:39.199873+00:00'
[2024-10-01T13:02:33.232+0000] {taskinstance.py:430} INFO - ::endgroup::
[2024-10-01T13:02:33.243+0000] {taxi_trip.py:37} INFO - Data extraction for green trip started
[2024-10-01T13:02:33.249+0000] {db_utils.py:16} INFO - Connected to PostgreSQL database successfully
[2024-10-01T13:02:33.249+0000] {Process_data.py:36} INFO - Start transforming Green Trip data...
[2024-10-01T13:02:33.251+0000] {Process_data.py:68} INFO - Processing file green_tripdata_2024-01.parquet...
[2024-10-01T13:02:33.284+0000] {Process_data.py:68} INFO - Processing file green_tripdata_2020-12.csv...
[2024-10-01T13:02:34.002+0000] {Process_data.py:75} INFO - Green trip dataframe with 139681 rows
[2024-10-01T13:02:36.223+0000] {taxi_trip.py:41} INFO - Data extraction for green trip done
[2024-10-01T13:02:36.231+0000] {xcom.py:675} ERROR - Object of type Timestamp is not JSON serializable. If you are using pickle instead of JSON for XCom, then you need to enable pickle support for XCom in your *** config or make sure to decorate your object with attr.
[2024-10-01T13:02:36.232+0000] {taxi_trip.py:49} ERROR - Error in green trip extraction
Traceback (most recent call last):
  File "/home/airflow/.local/lib/python3.9/site-packages/airflow/utils/json.py", line 91, in default
    return serialize(o)
  File "/home/airflow/.local/lib/python3.9/site-packages/airflow/serialization/serde.py", line 189, in serialize
    raise TypeError(f"cannot serialize object of type {cls}")
TypeError: cannot serialize object of type <class 'pandas._libs.tslibs.timestamps.Timestamp'>

During handling of the above exception, another exception occurred:

Traceback (most recent call last):
  File "/opt/airflow/dags/taxi_trip.py", line 43, in extract_green_date
    ti.xcom_push(key='green_trip_df', value=green_trip_dict)
  File "/home/airflow/.local/lib/python3.9/site-packages/airflow/utils/session.py", line 79, in wrapper
    return func(*args, session=session, **kwargs)
  File "/home/airflow/.local/lib/python3.9/site-packages/airflow/models/taskinstance.py", line 3197, in xcom_push
    XCom.set(
  File "/home/airflow/.local/lib/python3.9/site-packages/airflow/utils/session.py", line 76, in wrapper
    return func(*args, **kwargs)
  File "/home/airflow/.local/lib/python3.9/site-packages/airflow/models/xcom.py", line 246, in set
    value = cls.serialize_value(
  File "/home/airflow/.local/lib/python3.9/site-packages/airflow/models/xcom.py", line 673, in serialize_value
    return json.dumps(value, cls=XComEncoder).encode("UTF-8")
  File "/usr/local/lib/python3.9/json/__init__.py", line 234, in dumps
    return cls(
  File "/home/airflow/.local/lib/python3.9/site-packages/airflow/utils/json.py", line 104, in encode
    return super().encode(o)
  File "/usr/local/lib/python3.9/json/encoder.py", line 199, in encode
    chunks = self.iterencode(o, _one_shot=True)
  File "/usr/local/lib/python3.9/json/encoder.py", line 257, in iterencode
    return _iterencode(o, 0)
  File "/home/airflow/.local/lib/python3.9/site-packages/airflow/utils/json.py", line 93, in default
    return super().default(o)
  File "/usr/local/lib/python3.9/json/encoder.py", line 179, in default
    raise TypeError(f'Object of type {o.__class__.__name__} '
TypeError: Object of type Timestamp is not JSON serializable
[2024-10-01T13:02:36.304+0000] {python.py:237} INFO - Done. Returned value was: None
[2024-10-01T13:02:36.305+0000] {taskinstance.py:441} INFO - ::group::Post task execution logs
[2024-10-01T13:02:36.314+0000] {taskinstance.py:1206} INFO - Marking task as SUCCESS. dag_id=Taxi_trip_pipeline, task_id=extraction_layer.extract_green_date, run_id=manual__2024-10-01T12:57:39.199873+00:00, execution_date=20241001T125739, start_date=20241001T130233, end_date=20241001T130236
[2024-10-01T13:02:36.363+0000] {local_task_job_runner.py:240} INFO - Task exited with return code 0
[2024-10-01T13:02:36.394+0000] {taskinstance.py:3498} INFO - 1 downstream tasks scheduled from follow-on schedule check
[2024-10-01T13:02:36.396+0000] {local_task_job_runner.py:222} INFO - ::endgroup::
